10-May-23 16:44:18 - Extracting information about Justin Trudeau for sysdate-1
10-May-23 16:44:21 - Starting new HTTPS connection (1): content.guardianapis.com:443
10-May-23 16:44:24 - https://content.guardianapis.com:443 "GET /search?from-date=2020-01-01&to-date=2023-05-10&q=Justin%20AND%20Trudeau%20OR%20JustinTrudeau&format=json&page=1&page-size=10&api-key=30da9971-7eab-48e8-8525-213e200d921b HTTP/1.1" 200 1319
10-May-23 16:44:26 - Starting new HTTPS connection (1): content.guardianapis.com:443
10-May-23 16:44:27 - https://content.guardianapis.com:443 "GET /search?from-date=2020-01-01&to-date=2023-05-10&q=Justin%20AND%20Trudeau%20OR%20JustinTrudeau&format=json&page=2&page-size=10&api-key=30da9971-7eab-48e8-8525-213e200d921b HTTP/1.1" 200 1336
10-May-23 16:44:27 - Starting new HTTPS connection (1): content.guardianapis.com:443
10-May-23 16:44:28 - https://content.guardianapis.com:443 "GET /search?from-date=2020-01-01&to-date=2023-05-10&q=Justin%20AND%20Trudeau%20OR%20JustinTrudeau&format=json&page=3&page-size=10&api-key=30da9971-7eab-48e8-8525-213e200d921b HTTP/1.1" 200 1320
10-May-23 16:44:28 - Starting new HTTPS connection (1): content.guardianapis.com:443
10-May-23 16:44:28 - https://content.guardianapis.com:443 "GET /search?from-date=2020-01-01&to-date=2023-05-10&q=Justin%20AND%20Trudeau%20OR%20JustinTrudeau&format=json&page=4&page-size=10&api-key=30da9971-7eab-48e8-8525-213e200d921b HTTP/1.1" 200 1440
10-May-23 16:44:28 - Starting new HTTPS connection (1): content.guardianapis.com:443
10-May-23 16:44:29 - https://content.guardianapis.com:443 "GET /search?from-date=2020-01-01&to-date=2023-05-10&q=Justin%20AND%20Trudeau%20OR%20JustinTrudeau&format=json&page=5&page-size=10&api-key=30da9971-7eab-48e8-8525-213e200d921b HTTP/1.1" 200 1354
10-May-23 16:44:29 - Starting new HTTPS connection (1): content.guardianapis.com:443
10-May-23 16:44:29 - https://content.guardianapis.com:443 "GET /search?from-date=2020-01-01&to-date=2023-05-10&q=Justin%20AND%20Trudeau%20OR%20JustinTrudeau&format=json&page=6&page-size=10&api-key=30da9971-7eab-48e8-8525-213e200d921b HTTP/1.1" 200 1414
10-May-23 16:44:29 - Starting new HTTPS connection (1): content.guardianapis.com:443
10-May-23 16:44:30 - https://content.guardianapis.com:443 "GET /search?from-date=2020-01-01&to-date=2023-05-10&q=Justin%20AND%20Trudeau%20OR%20JustinTrudeau&format=json&page=7&page-size=10&api-key=30da9971-7eab-48e8-8525-213e200d921b HTTP/1.1" 200 1578
10-May-23 16:44:30 - Starting new HTTPS connection (1): content.guardianapis.com:443
10-May-23 16:44:31 - https://content.guardianapis.com:443 "GET /search?from-date=2020-01-01&to-date=2023-05-10&q=Justin%20AND%20Trudeau%20OR%20JustinTrudeau&format=json&page=8&page-size=10&api-key=30da9971-7eab-48e8-8525-213e200d921b HTTP/1.1" 200 1375
10-May-23 16:44:31 - Starting new HTTPS connection (1): content.guardianapis.com:443
10-May-23 16:44:31 - https://content.guardianapis.com:443 "GET /search?from-date=2020-01-01&to-date=2023-05-10&q=Justin%20AND%20Trudeau%20OR%20JustinTrudeau&format=json&page=9&page-size=10&api-key=30da9971-7eab-48e8-8525-213e200d921b HTTP/1.1" 200 1580
10-May-23 16:44:31 - Starting new HTTPS connection (1): content.guardianapis.com:443
10-May-23 16:44:32 - https://content.guardianapis.com:443 "GET /search?from-date=2020-01-01&to-date=2023-05-10&q=Justin%20AND%20Trudeau%20OR%20JustinTrudeau&format=json&page=10&page-size=10&api-key=30da9971-7eab-48e8-8525-213e200d921b HTTP/1.1" 200 1438
10-May-23 16:44:32 - Starting new HTTPS connection (1): content.guardianapis.com:443
10-May-23 16:44:32 - https://content.guardianapis.com:443 "GET /search?from-date=2020-01-01&to-date=2023-05-10&q=Justin%20AND%20Trudeau%20OR%20JustinTrudeau&format=json&page=11&page-size=10&api-key=30da9971-7eab-48e8-8525-213e200d921b HTTP/1.1" 200 1458
10-May-23 16:44:32 - Starting new HTTPS connection (1): content.guardianapis.com:443
10-May-23 16:44:33 - https://content.guardianapis.com:443 "GET /search?from-date=2020-01-01&to-date=2023-05-10&q=Justin%20AND%20Trudeau%20OR%20JustinTrudeau&format=json&page=12&page-size=10&api-key=30da9971-7eab-48e8-8525-213e200d921b HTTP/1.1" 200 1482
10-May-23 16:44:33 - Starting new HTTPS connection (1): content.guardianapis.com:443
10-May-23 16:44:34 - https://content.guardianapis.com:443 "GET /search?from-date=2020-01-01&to-date=2023-05-10&q=Justin%20AND%20Trudeau%20OR%20JustinTrudeau&format=json&page=13&page-size=10&api-key=30da9971-7eab-48e8-8525-213e200d921b HTTP/1.1" 200 1452
10-May-23 16:44:34 - Starting new HTTPS connection (1): content.guardianapis.com:443
10-May-23 16:44:34 - https://content.guardianapis.com:443 "GET /search?from-date=2020-01-01&to-date=2023-05-10&q=Justin%20AND%20Trudeau%20OR%20JustinTrudeau&format=json&page=14&page-size=10&api-key=30da9971-7eab-48e8-8525-213e200d921b HTTP/1.1" 200 1647
10-May-23 16:44:34 - Starting new HTTPS connection (1): content.guardianapis.com:443
10-May-23 16:44:35 - https://content.guardianapis.com:443 "GET /search?from-date=2020-01-01&to-date=2023-05-10&q=Justin%20AND%20Trudeau%20OR%20JustinTrudeau&format=json&page=15&page-size=10&api-key=30da9971-7eab-48e8-8525-213e200d921b HTTP/1.1" 200 1476
10-May-23 16:44:35 - Starting new HTTPS connection (1): content.guardianapis.com:443
10-May-23 16:44:35 - https://content.guardianapis.com:443 "GET /search?from-date=2020-01-01&to-date=2023-05-10&q=Justin%20AND%20Trudeau%20OR%20JustinTrudeau&format=json&page=16&page-size=10&api-key=30da9971-7eab-48e8-8525-213e200d921b HTTP/1.1" 200 1506
10-May-23 16:44:35 - Starting new HTTPS connection (1): content.guardianapis.com:443
10-May-23 16:44:36 - https://content.guardianapis.com:443 "GET /search?from-date=2020-01-01&to-date=2023-05-10&q=Justin%20AND%20Trudeau%20OR%20JustinTrudeau&format=json&page=17&page-size=10&api-key=30da9971-7eab-48e8-8525-213e200d921b HTTP/1.1" 200 1438
10-May-23 16:44:36 - Starting new HTTPS connection (1): content.guardianapis.com:443
10-May-23 16:44:37 - https://content.guardianapis.com:443 "GET /search?from-date=2020-01-01&to-date=2023-05-10&q=Justin%20AND%20Trudeau%20OR%20JustinTrudeau&format=json&page=18&page-size=10&api-key=30da9971-7eab-48e8-8525-213e200d921b HTTP/1.1" 200 1481
10-May-23 16:44:37 - Starting new HTTPS connection (1): content.guardianapis.com:443
10-May-23 16:44:37 - https://content.guardianapis.com:443 "GET /search?from-date=2020-01-01&to-date=2023-05-10&q=Justin%20AND%20Trudeau%20OR%20JustinTrudeau&format=json&page=19&page-size=10&api-key=30da9971-7eab-48e8-8525-213e200d921b HTTP/1.1" 200 1497
10-May-23 16:44:37 - Starting new HTTPS connection (1): content.guardianapis.com:443
10-May-23 16:44:38 - https://content.guardianapis.com:443 "GET /search?from-date=2020-01-01&to-date=2023-05-10&q=Justin%20AND%20Trudeau%20OR%20JustinTrudeau&format=json&page=20&page-size=10&api-key=30da9971-7eab-48e8-8525-213e200d921b HTTP/1.1" 200 1470
10-May-23 16:44:38 - Starting new HTTPS connection (1): content.guardianapis.com:443
10-May-23 16:44:38 - https://content.guardianapis.com:443 "GET /search?from-date=2020-01-01&to-date=2023-05-10&q=Justin%20AND%20Trudeau%20OR%20JustinTrudeau&format=json&page=21&page-size=10&api-key=30da9971-7eab-48e8-8525-213e200d921b HTTP/1.1" 200 1388
10-May-23 16:44:38 - Starting new HTTPS connection (1): content.guardianapis.com:443
10-May-23 16:44:39 - https://content.guardianapis.com:443 "GET /search?from-date=2020-01-01&to-date=2023-05-10&q=Justin%20AND%20Trudeau%20OR%20JustinTrudeau&format=json&page=22&page-size=10&api-key=30da9971-7eab-48e8-8525-213e200d921b HTTP/1.1" 200 1382
10-May-23 16:44:39 - Starting new HTTPS connection (1): content.guardianapis.com:443
10-May-23 16:44:40 - https://content.guardianapis.com:443 "GET /search?from-date=2020-01-01&to-date=2023-05-10&q=Justin%20AND%20Trudeau%20OR%20JustinTrudeau&format=json&page=23&page-size=10&api-key=30da9971-7eab-48e8-8525-213e200d921b HTTP/1.1" 200 1488
10-May-23 16:44:40 - Starting new HTTPS connection (1): content.guardianapis.com:443
10-May-23 16:44:41 - https://content.guardianapis.com:443 "GET /search?from-date=2020-01-01&to-date=2023-05-10&q=Justin%20AND%20Trudeau%20OR%20JustinTrudeau&format=json&page=24&page-size=10&api-key=30da9971-7eab-48e8-8525-213e200d921b HTTP/1.1" 200 1535
10-May-23 16:44:41 - Starting new HTTPS connection (1): content.guardianapis.com:443
10-May-23 16:44:41 - https://content.guardianapis.com:443 "GET /search?from-date=2020-01-01&to-date=2023-05-10&q=Justin%20AND%20Trudeau%20OR%20JustinTrudeau&format=json&page=25&page-size=10&api-key=30da9971-7eab-48e8-8525-213e200d921b HTTP/1.1" 200 1398
10-May-23 16:44:41 - Starting new HTTPS connection (1): content.guardianapis.com:443
10-May-23 16:44:42 - https://content.guardianapis.com:443 "GET /search?from-date=2020-01-01&to-date=2023-05-10&q=Justin%20AND%20Trudeau%20OR%20JustinTrudeau&format=json&page=26&page-size=10&api-key=30da9971-7eab-48e8-8525-213e200d921b HTTP/1.1" 200 1654
10-May-23 16:44:42 - Starting new HTTPS connection (1): content.guardianapis.com:443
10-May-23 16:44:43 - https://content.guardianapis.com:443 "GET /search?from-date=2020-01-01&to-date=2023-05-10&q=Justin%20AND%20Trudeau%20OR%20JustinTrudeau&format=json&page=27&page-size=10&api-key=30da9971-7eab-48e8-8525-213e200d921b HTTP/1.1" 200 1437
10-May-23 16:44:43 - Starting new HTTPS connection (1): content.guardianapis.com:443
10-May-23 16:44:44 - https://content.guardianapis.com:443 "GET /search?from-date=2020-01-01&to-date=2023-05-10&q=Justin%20AND%20Trudeau%20OR%20JustinTrudeau&format=json&page=28&page-size=10&api-key=30da9971-7eab-48e8-8525-213e200d921b HTTP/1.1" 200 1610
10-May-23 16:44:44 - Starting new HTTPS connection (1): content.guardianapis.com:443
10-May-23 16:44:45 - https://content.guardianapis.com:443 "GET /search?from-date=2020-01-01&to-date=2023-05-10&q=Justin%20AND%20Trudeau%20OR%20JustinTrudeau&format=json&page=29&page-size=10&api-key=30da9971-7eab-48e8-8525-213e200d921b HTTP/1.1" 200 1399
10-May-23 16:44:45 - Starting new HTTPS connection (1): content.guardianapis.com:443
10-May-23 16:44:45 - https://content.guardianapis.com:443 "GET /search?from-date=2020-01-01&to-date=2023-05-10&q=Justin%20AND%20Trudeau%20OR%20JustinTrudeau&format=json&page=30&page-size=10&api-key=30da9971-7eab-48e8-8525-213e200d921b HTTP/1.1" 200 1610
10-May-23 16:44:45 - Starting new HTTPS connection (1): content.guardianapis.com:443
10-May-23 16:44:46 - https://content.guardianapis.com:443 "GET /search?from-date=2020-01-01&to-date=2023-05-10&q=Justin%20AND%20Trudeau%20OR%20JustinTrudeau&format=json&page=31&page-size=10&api-key=30da9971-7eab-48e8-8525-213e200d921b HTTP/1.1" 200 1625
10-May-23 16:44:46 - Starting new HTTPS connection (1): content.guardianapis.com:443
10-May-23 16:44:46 - https://content.guardianapis.com:443 "GET /search?from-date=2020-01-01&to-date=2023-05-10&q=Justin%20AND%20Trudeau%20OR%20JustinTrudeau&format=json&page=32&page-size=10&api-key=30da9971-7eab-48e8-8525-213e200d921b HTTP/1.1" 200 1467
10-May-23 16:44:46 - Starting new HTTPS connection (1): content.guardianapis.com:443
10-May-23 16:44:48 - https://content.guardianapis.com:443 "GET /search?from-date=2020-01-01&to-date=2023-05-10&q=Justin%20AND%20Trudeau%20OR%20JustinTrudeau&format=json&page=33&page-size=10&api-key=30da9971-7eab-48e8-8525-213e200d921b HTTP/1.1" 200 1521
10-May-23 16:44:48 - Starting new HTTPS connection (1): content.guardianapis.com:443
10-May-23 16:44:48 - https://content.guardianapis.com:443 "GET /search?from-date=2020-01-01&to-date=2023-05-10&q=Justin%20AND%20Trudeau%20OR%20JustinTrudeau&format=json&page=34&page-size=10&api-key=30da9971-7eab-48e8-8525-213e200d921b HTTP/1.1" 200 1465
10-May-23 16:44:48 - Starting new HTTPS connection (1): content.guardianapis.com:443
10-May-23 16:44:49 - https://content.guardianapis.com:443 "GET /search?from-date=2020-01-01&to-date=2023-05-10&q=Justin%20AND%20Trudeau%20OR%20JustinTrudeau&format=json&page=35&page-size=10&api-key=30da9971-7eab-48e8-8525-213e200d921b HTTP/1.1" 200 1453
10-May-23 16:44:49 - Starting new HTTPS connection (1): content.guardianapis.com:443
10-May-23 16:44:49 - https://content.guardianapis.com:443 "GET /search?from-date=2020-01-01&to-date=2023-05-10&q=Justin%20AND%20Trudeau%20OR%20JustinTrudeau&format=json&page=36&page-size=10&api-key=30da9971-7eab-48e8-8525-213e200d921b HTTP/1.1" 200 1348
10-May-23 16:44:49 - Starting new HTTPS connection (1): content.guardianapis.com:443
10-May-23 16:44:50 - https://content.guardianapis.com:443 "GET /search?from-date=2020-01-01&to-date=2023-05-10&q=Justin%20AND%20Trudeau%20OR%20JustinTrudeau&format=json&page=37&page-size=10&api-key=30da9971-7eab-48e8-8525-213e200d921b HTTP/1.1" 200 1543
10-May-23 16:44:50 - Starting new HTTPS connection (1): content.guardianapis.com:443
10-May-23 16:44:51 - https://content.guardianapis.com:443 "GET /search?from-date=2020-01-01&to-date=2023-05-10&q=Justin%20AND%20Trudeau%20OR%20JustinTrudeau&format=json&page=38&page-size=10&api-key=30da9971-7eab-48e8-8525-213e200d921b HTTP/1.1" 200 1582
10-May-23 16:44:51 - Starting new HTTPS connection (1): content.guardianapis.com:443
10-May-23 16:44:51 - https://content.guardianapis.com:443 "GET /search?from-date=2020-01-01&to-date=2023-05-10&q=Justin%20AND%20Trudeau%20OR%20JustinTrudeau&format=json&page=39&page-size=10&api-key=30da9971-7eab-48e8-8525-213e200d921b HTTP/1.1" 200 1557
10-May-23 16:44:51 - Starting new HTTPS connection (1): content.guardianapis.com:443
10-May-23 16:44:52 - https://content.guardianapis.com:443 "GET /search?from-date=2020-01-01&to-date=2023-05-10&q=Justin%20AND%20Trudeau%20OR%20JustinTrudeau&format=json&page=40&page-size=10&api-key=30da9971-7eab-48e8-8525-213e200d921b HTTP/1.1" 200 1511
10-May-23 16:44:52 - Starting new HTTPS connection (1): content.guardianapis.com:443
10-May-23 16:44:52 - https://content.guardianapis.com:443 "GET /search?from-date=2020-01-01&to-date=2023-05-10&q=Justin%20AND%20Trudeau%20OR%20JustinTrudeau&format=json&page=41&page-size=10&api-key=30da9971-7eab-48e8-8525-213e200d921b HTTP/1.1" 200 1498
10-May-23 16:44:52 - Starting new HTTPS connection (1): content.guardianapis.com:443
10-May-23 16:44:53 - https://content.guardianapis.com:443 "GET /search?from-date=2020-01-01&to-date=2023-05-10&q=Justin%20AND%20Trudeau%20OR%20JustinTrudeau&format=json&page=42&page-size=10&api-key=30da9971-7eab-48e8-8525-213e200d921b HTTP/1.1" 200 1651
10-May-23 16:44:53 - Starting new HTTPS connection (1): content.guardianapis.com:443
10-May-23 16:44:54 - https://content.guardianapis.com:443 "GET /search?from-date=2020-01-01&to-date=2023-05-10&q=Justin%20AND%20Trudeau%20OR%20JustinTrudeau&format=json&page=43&page-size=10&api-key=30da9971-7eab-48e8-8525-213e200d921b HTTP/1.1" 200 1499
10-May-23 16:44:54 - Starting new HTTPS connection (1): content.guardianapis.com:443
10-May-23 16:44:54 - https://content.guardianapis.com:443 "GET /search?from-date=2020-01-01&to-date=2023-05-10&q=Justin%20AND%20Trudeau%20OR%20JustinTrudeau&format=json&page=44&page-size=10&api-key=30da9971-7eab-48e8-8525-213e200d921b HTTP/1.1" 200 1555
10-May-23 16:44:54 - Starting new HTTPS connection (1): content.guardianapis.com:443
10-May-23 16:44:55 - https://content.guardianapis.com:443 "GET /search?from-date=2020-01-01&to-date=2023-05-10&q=Justin%20AND%20Trudeau%20OR%20JustinTrudeau&format=json&page=45&page-size=10&api-key=30da9971-7eab-48e8-8525-213e200d921b HTTP/1.1" 200 1593
10-May-23 16:44:55 - Starting new HTTPS connection (1): content.guardianapis.com:443
10-May-23 16:44:56 - https://content.guardianapis.com:443 "GET /search?from-date=2020-01-01&to-date=2023-05-10&q=Justin%20AND%20Trudeau%20OR%20JustinTrudeau&format=json&page=46&page-size=10&api-key=30da9971-7eab-48e8-8525-213e200d921b HTTP/1.1" 200 1572
10-May-23 16:44:56 - Starting new HTTPS connection (1): content.guardianapis.com:443
10-May-23 16:44:57 - https://content.guardianapis.com:443 "GET /search?from-date=2020-01-01&to-date=2023-05-10&q=Justin%20AND%20Trudeau%20OR%20JustinTrudeau&format=json&page=47&page-size=10&api-key=30da9971-7eab-48e8-8525-213e200d921b HTTP/1.1" 200 1475
10-May-23 16:44:57 - Starting new HTTPS connection (1): content.guardianapis.com:443
10-May-23 16:44:58 - https://content.guardianapis.com:443 "GET /search?from-date=2020-01-01&to-date=2023-05-10&q=Justin%20AND%20Trudeau%20OR%20JustinTrudeau&format=json&page=48&page-size=10&api-key=30da9971-7eab-48e8-8525-213e200d921b HTTP/1.1" 200 1426
10-May-23 16:44:58 - Starting new HTTPS connection (1): content.guardianapis.com:443
10-May-23 16:44:58 - https://content.guardianapis.com:443 "GET /search?from-date=2020-01-01&to-date=2023-05-10&q=Justin%20AND%20Trudeau%20OR%20JustinTrudeau&format=json&page=49&page-size=10&api-key=30da9971-7eab-48e8-8525-213e200d921b HTTP/1.1" 200 1567
10-May-23 16:44:58 - Starting new HTTPS connection (1): content.guardianapis.com:443
10-May-23 16:44:59 - https://content.guardianapis.com:443 "GET /search?from-date=2020-01-01&to-date=2023-05-10&q=Justin%20AND%20Trudeau%20OR%20JustinTrudeau&format=json&page=50&page-size=10&api-key=30da9971-7eab-48e8-8525-213e200d921b HTTP/1.1" 200 1646
10-May-23 16:44:59 - Starting new HTTPS connection (1): content.guardianapis.com:443
10-May-23 16:45:00 - https://content.guardianapis.com:443 "GET /search?from-date=2020-01-01&to-date=2023-05-10&q=Justin%20AND%20Trudeau%20OR%20JustinTrudeau&format=json&page=51&page-size=10&api-key=30da9971-7eab-48e8-8525-213e200d921b HTTP/1.1" 200 1641
10-May-23 16:45:00 - Starting new HTTPS connection (1): content.guardianapis.com:443
10-May-23 16:45:00 - https://content.guardianapis.com:443 "GET /search?from-date=2020-01-01&to-date=2023-05-10&q=Justin%20AND%20Trudeau%20OR%20JustinTrudeau&format=json&page=52&page-size=10&api-key=30da9971-7eab-48e8-8525-213e200d921b HTTP/1.1" 200 1607
10-May-23 16:45:00 - Starting new HTTPS connection (1): content.guardianapis.com:443
10-May-23 16:45:01 - https://content.guardianapis.com:443 "GET /search?from-date=2020-01-01&to-date=2023-05-10&q=Justin%20AND%20Trudeau%20OR%20JustinTrudeau&format=json&page=53&page-size=10&api-key=30da9971-7eab-48e8-8525-213e200d921b HTTP/1.1" 200 1516
10-May-23 16:45:01 - Starting new HTTPS connection (1): content.guardianapis.com:443
10-May-23 16:45:01 - https://content.guardianapis.com:443 "GET /search?from-date=2020-01-01&to-date=2023-05-10&q=Justin%20AND%20Trudeau%20OR%20JustinTrudeau&format=json&page=54&page-size=10&api-key=30da9971-7eab-48e8-8525-213e200d921b HTTP/1.1" 200 1534
10-May-23 16:45:01 - Starting new HTTPS connection (1): content.guardianapis.com:443
10-May-23 16:45:02 - https://content.guardianapis.com:443 "GET /search?from-date=2020-01-01&to-date=2023-05-10&q=Justin%20AND%20Trudeau%20OR%20JustinTrudeau&format=json&page=55&page-size=10&api-key=30da9971-7eab-48e8-8525-213e200d921b HTTP/1.1" 200 1505
10-May-23 16:45:02 - Starting new HTTPS connection (1): content.guardianapis.com:443
10-May-23 16:45:03 - https://content.guardianapis.com:443 "GET /search?from-date=2020-01-01&to-date=2023-05-10&q=Justin%20AND%20Trudeau%20OR%20JustinTrudeau&format=json&page=56&page-size=10&api-key=30da9971-7eab-48e8-8525-213e200d921b HTTP/1.1" 200 1491
10-May-23 16:45:03 - Starting new HTTPS connection (1): content.guardianapis.com:443
10-May-23 16:45:03 - https://content.guardianapis.com:443 "GET /search?from-date=2020-01-01&to-date=2023-05-10&q=Justin%20AND%20Trudeau%20OR%20JustinTrudeau&format=json&page=57&page-size=10&api-key=30da9971-7eab-48e8-8525-213e200d921b HTTP/1.1" 200 1648
10-May-23 16:45:03 - Starting new HTTPS connection (1): content.guardianapis.com:443
10-May-23 16:45:04 - https://content.guardianapis.com:443 "GET /search?from-date=2020-01-01&to-date=2023-05-10&q=Justin%20AND%20Trudeau%20OR%20JustinTrudeau&format=json&page=58&page-size=10&api-key=30da9971-7eab-48e8-8525-213e200d921b HTTP/1.1" 200 1341
10-May-23 16:45:04 - Starting new HTTPS connection (1): content.guardianapis.com:443
10-May-23 16:45:05 - https://content.guardianapis.com:443 "GET /search?from-date=2020-01-01&to-date=2023-05-10&q=Justin%20AND%20Trudeau%20OR%20JustinTrudeau&format=json&page=59&page-size=10&api-key=30da9971-7eab-48e8-8525-213e200d921b HTTP/1.1" 200 1456
10-May-23 16:45:05 - Starting new HTTPS connection (1): content.guardianapis.com:443
10-May-23 16:45:05 - https://content.guardianapis.com:443 "GET /search?from-date=2020-01-01&to-date=2023-05-10&q=Justin%20AND%20Trudeau%20OR%20JustinTrudeau&format=json&page=60&page-size=10&api-key=30da9971-7eab-48e8-8525-213e200d921b HTTP/1.1" 200 1541
10-May-23 16:45:05 - Starting new HTTPS connection (1): content.guardianapis.com:443
10-May-23 16:45:06 - https://content.guardianapis.com:443 "GET /search?from-date=2020-01-01&to-date=2023-05-10&q=Justin%20AND%20Trudeau%20OR%20JustinTrudeau&format=json&page=61&page-size=10&api-key=30da9971-7eab-48e8-8525-213e200d921b HTTP/1.1" 200 1544
10-May-23 16:45:06 - Starting new HTTPS connection (1): content.guardianapis.com:443
10-May-23 16:45:07 - https://content.guardianapis.com:443 "GET /search?from-date=2020-01-01&to-date=2023-05-10&q=Justin%20AND%20Trudeau%20OR%20JustinTrudeau&format=json&page=62&page-size=10&api-key=30da9971-7eab-48e8-8525-213e200d921b HTTP/1.1" 200 1525
10-May-23 16:45:07 - Starting new HTTPS connection (1): content.guardianapis.com:443
10-May-23 16:45:07 - https://content.guardianapis.com:443 "GET /search?from-date=2020-01-01&to-date=2023-05-10&q=Justin%20AND%20Trudeau%20OR%20JustinTrudeau&format=json&page=63&page-size=10&api-key=30da9971-7eab-48e8-8525-213e200d921b HTTP/1.1" 200 1364
10-May-23 16:45:07 - Starting new HTTPS connection (1): content.guardianapis.com:443
10-May-23 16:45:08 - https://content.guardianapis.com:443 "GET /search?from-date=2020-01-01&to-date=2023-05-10&q=Justin%20AND%20Trudeau%20OR%20JustinTrudeau&format=json&page=64&page-size=10&api-key=30da9971-7eab-48e8-8525-213e200d921b HTTP/1.1" 200 1376
10-May-23 16:45:08 - Starting new HTTPS connection (1): content.guardianapis.com:443
10-May-23 16:45:08 - https://content.guardianapis.com:443 "GET /search?from-date=2020-01-01&to-date=2023-05-10&q=Justin%20AND%20Trudeau%20OR%20JustinTrudeau&format=json&page=65&page-size=10&api-key=30da9971-7eab-48e8-8525-213e200d921b HTTP/1.1" 200 1575
10-May-23 16:45:08 - Starting new HTTPS connection (1): content.guardianapis.com:443
10-May-23 16:45:09 - https://content.guardianapis.com:443 "GET /search?from-date=2020-01-01&to-date=2023-05-10&q=Justin%20AND%20Trudeau%20OR%20JustinTrudeau&format=json&page=66&page-size=10&api-key=30da9971-7eab-48e8-8525-213e200d921b HTTP/1.1" 200 1435
10-May-23 16:45:09 - Starting new HTTPS connection (1): content.guardianapis.com:443
10-May-23 16:45:10 - https://content.guardianapis.com:443 "GET /search?from-date=2020-01-01&to-date=2023-05-10&q=Justin%20AND%20Trudeau%20OR%20JustinTrudeau&format=json&page=67&page-size=10&api-key=30da9971-7eab-48e8-8525-213e200d921b HTTP/1.1" 200 1624
10-May-23 16:45:10 - Starting new HTTPS connection (1): content.guardianapis.com:443
10-May-23 16:45:11 - https://content.guardianapis.com:443 "GET /search?from-date=2020-01-01&to-date=2023-05-10&q=Justin%20AND%20Trudeau%20OR%20JustinTrudeau&format=json&page=68&page-size=10&api-key=30da9971-7eab-48e8-8525-213e200d921b HTTP/1.1" 200 1556
10-May-23 16:45:11 - Starting new HTTPS connection (1): content.guardianapis.com:443
10-May-23 16:45:12 - https://content.guardianapis.com:443 "GET /search?from-date=2020-01-01&to-date=2023-05-10&q=Justin%20AND%20Trudeau%20OR%20JustinTrudeau&format=json&page=69&page-size=10&api-key=30da9971-7eab-48e8-8525-213e200d921b HTTP/1.1" 200 1594
10-May-23 16:45:12 - Starting new HTTPS connection (1): content.guardianapis.com:443
10-May-23 16:45:13 - https://content.guardianapis.com:443 "GET /search?from-date=2020-01-01&to-date=2023-05-10&q=Justin%20AND%20Trudeau%20OR%20JustinTrudeau&format=json&page=70&page-size=10&api-key=30da9971-7eab-48e8-8525-213e200d921b HTTP/1.1" 200 1573
10-May-23 16:45:13 - Starting new HTTPS connection (1): content.guardianapis.com:443
10-May-23 16:45:14 - https://content.guardianapis.com:443 "GET /search?from-date=2020-01-01&to-date=2023-05-10&q=Justin%20AND%20Trudeau%20OR%20JustinTrudeau&format=json&page=71&page-size=10&api-key=30da9971-7eab-48e8-8525-213e200d921b HTTP/1.1" 200 1644
10-May-23 16:45:14 - Starting new HTTPS connection (1): content.guardianapis.com:443
10-May-23 16:45:16 - https://content.guardianapis.com:443 "GET /search?from-date=2020-01-01&to-date=2023-05-10&q=Justin%20AND%20Trudeau%20OR%20JustinTrudeau&format=json&page=72&page-size=10&api-key=30da9971-7eab-48e8-8525-213e200d921b HTTP/1.1" 200 1618
10-May-23 16:45:16 - Starting new HTTPS connection (1): content.guardianapis.com:443
10-May-23 16:45:18 - https://content.guardianapis.com:443 "GET /search?from-date=2020-01-01&to-date=2023-05-10&q=Justin%20AND%20Trudeau%20OR%20JustinTrudeau&format=json&page=73&page-size=10&api-key=30da9971-7eab-48e8-8525-213e200d921b HTTP/1.1" 200 1502
10-May-23 16:45:18 - Starting new HTTPS connection (1): content.guardianapis.com:443
10-May-23 16:45:19 - https://content.guardianapis.com:443 "GET /search?from-date=2020-01-01&to-date=2023-05-10&q=Justin%20AND%20Trudeau%20OR%20JustinTrudeau&format=json&page=74&page-size=10&api-key=30da9971-7eab-48e8-8525-213e200d921b HTTP/1.1" 200 1597
10-May-23 16:45:19 - Starting new HTTPS connection (1): content.guardianapis.com:443
10-May-23 16:45:22 - https://content.guardianapis.com:443 "GET /search?from-date=2020-01-01&to-date=2023-05-10&q=Justin%20AND%20Trudeau%20OR%20JustinTrudeau&format=json&page=75&page-size=10&api-key=30da9971-7eab-48e8-8525-213e200d921b HTTP/1.1" 200 1623
10-May-23 16:45:22 - Starting new HTTPS connection (1): content.guardianapis.com:443
10-May-23 16:45:23 - https://content.guardianapis.com:443 "GET /search?from-date=2020-01-01&to-date=2023-05-10&q=Justin%20AND%20Trudeau%20OR%20JustinTrudeau&format=json&page=76&page-size=10&api-key=30da9971-7eab-48e8-8525-213e200d921b HTTP/1.1" 200 1637
10-May-23 16:45:23 - Starting new HTTPS connection (1): content.guardianapis.com:443
10-May-23 16:45:25 - https://content.guardianapis.com:443 "GET /search?from-date=2020-01-01&to-date=2023-05-10&q=Justin%20AND%20Trudeau%20OR%20JustinTrudeau&format=json&page=77&page-size=10&api-key=30da9971-7eab-48e8-8525-213e200d921b HTTP/1.1" 200 1593
10-May-23 16:45:25 - Starting new HTTPS connection (1): content.guardianapis.com:443
10-May-23 16:45:26 - https://content.guardianapis.com:443 "GET /search?from-date=2020-01-01&to-date=2023-05-10&q=Justin%20AND%20Trudeau%20OR%20JustinTrudeau&format=json&page=78&page-size=10&api-key=30da9971-7eab-48e8-8525-213e200d921b HTTP/1.1" 200 1589
10-May-23 16:45:26 - Starting new HTTPS connection (1): content.guardianapis.com:443
10-May-23 16:45:27 - https://content.guardianapis.com:443 "GET /search?from-date=2020-01-01&to-date=2023-05-10&q=Justin%20AND%20Trudeau%20OR%20JustinTrudeau&format=json&page=79&page-size=10&api-key=30da9971-7eab-48e8-8525-213e200d921b HTTP/1.1" 200 1577
10-May-23 16:45:27 - Starting new HTTPS connection (1): content.guardianapis.com:443
10-May-23 16:45:28 - https://content.guardianapis.com:443 "GET /search?from-date=2020-01-01&to-date=2023-05-10&q=Justin%20AND%20Trudeau%20OR%20JustinTrudeau&format=json&page=80&page-size=10&api-key=30da9971-7eab-48e8-8525-213e200d921b HTTP/1.1" 200 1612
10-May-23 16:45:28 - Starting new HTTPS connection (1): content.guardianapis.com:443
10-May-23 16:45:30 - https://content.guardianapis.com:443 "GET /search?from-date=2020-01-01&to-date=2023-05-10&q=Justin%20AND%20Trudeau%20OR%20JustinTrudeau&format=json&page=81&page-size=10&api-key=30da9971-7eab-48e8-8525-213e200d921b HTTP/1.1" 200 1496
10-May-23 16:45:30 - Starting new HTTPS connection (1): content.guardianapis.com:443
10-May-23 16:45:31 - https://content.guardianapis.com:443 "GET /search?from-date=2020-01-01&to-date=2023-05-10&q=Justin%20AND%20Trudeau%20OR%20JustinTrudeau&format=json&page=82&page-size=10&api-key=30da9971-7eab-48e8-8525-213e200d921b HTTP/1.1" 200 1615
10-May-23 16:45:31 - Starting new HTTPS connection (1): content.guardianapis.com:443
10-May-23 16:45:34 - https://content.guardianapis.com:443 "GET /search?from-date=2020-01-01&to-date=2023-05-10&q=Justin%20AND%20Trudeau%20OR%20JustinTrudeau&format=json&page=83&page-size=10&api-key=30da9971-7eab-48e8-8525-213e200d921b HTTP/1.1" 200 1419
10-May-23 16:45:34 - Starting new HTTPS connection (1): content.guardianapis.com:443
10-May-23 16:45:35 - https://content.guardianapis.com:443 "GET /search?from-date=2020-01-01&to-date=2023-05-10&q=Justin%20AND%20Trudeau%20OR%20JustinTrudeau&format=json&page=84&page-size=10&api-key=30da9971-7eab-48e8-8525-213e200d921b HTTP/1.1" 200 1617
10-May-23 16:45:35 - Starting new HTTPS connection (1): content.guardianapis.com:443
10-May-23 16:45:37 - https://content.guardianapis.com:443 "GET /search?from-date=2020-01-01&to-date=2023-05-10&q=Justin%20AND%20Trudeau%20OR%20JustinTrudeau&format=json&page=85&page-size=10&api-key=30da9971-7eab-48e8-8525-213e200d921b HTTP/1.1" 200 1474
10-May-23 16:45:37 - Starting new HTTPS connection (1): content.guardianapis.com:443
10-May-23 16:45:39 - https://content.guardianapis.com:443 "GET /search?from-date=2020-01-01&to-date=2023-05-10&q=Justin%20AND%20Trudeau%20OR%20JustinTrudeau&format=json&page=86&page-size=10&api-key=30da9971-7eab-48e8-8525-213e200d921b HTTP/1.1" 200 1610
10-May-23 16:45:39 - Starting new HTTPS connection (1): content.guardianapis.com:443
10-May-23 16:45:40 - https://content.guardianapis.com:443 "GET /search?from-date=2020-01-01&to-date=2023-05-10&q=Justin%20AND%20Trudeau%20OR%20JustinTrudeau&format=json&page=87&page-size=10&api-key=30da9971-7eab-48e8-8525-213e200d921b HTTP/1.1" 200 1603
10-May-23 16:45:40 - Starting new HTTPS connection (1): content.guardianapis.com:443
10-May-23 16:45:41 - https://content.guardianapis.com:443 "GET /search?from-date=2020-01-01&to-date=2023-05-10&q=Justin%20AND%20Trudeau%20OR%20JustinTrudeau&format=json&page=88&page-size=10&api-key=30da9971-7eab-48e8-8525-213e200d921b HTTP/1.1" 200 1480
10-May-23 16:45:41 - Starting new HTTPS connection (1): content.guardianapis.com:443
10-May-23 16:45:42 - https://content.guardianapis.com:443 "GET /search?from-date=2020-01-01&to-date=2023-05-10&q=Justin%20AND%20Trudeau%20OR%20JustinTrudeau&format=json&page=89&page-size=10&api-key=30da9971-7eab-48e8-8525-213e200d921b HTTP/1.1" 200 1362
10-May-23 16:45:42 - Starting new HTTPS connection (1): content.guardianapis.com:443
10-May-23 16:45:43 - https://content.guardianapis.com:443 "GET /search?from-date=2020-01-01&to-date=2023-05-10&q=Justin%20AND%20Trudeau%20OR%20JustinTrudeau&format=json&page=90&page-size=10&api-key=30da9971-7eab-48e8-8525-213e200d921b HTTP/1.1" 200 556
10-May-23 16:46:07 - make a dataframe out of the json information we have exctracted
10-May-23 16:46:15 - save dataframe as a csv file in local folder to put it on the database
10-May-23 16:52:05 - WE HAVE DONE IT SUCESSFULLY
10-May-23 16:55:45 - WE HAVE DONE IT SUCESSFULLY
